<?xml version="1.0" encoding="UTF-8"?>
<testsuite xmlns:xsi="http://www.w3.org/2001/XMLSchema-instance" xsi:noNamespaceSchemaLocation="https://maven.apache.org/surefire/maven-surefire-plugin/xsd/surefire-test-report-3.0.xsd" version="3.0" name="web.service.LoginServiceUnitTest" time="0.059" tests="17" errors="0" skipped="0" failures="0">
  <properties>
[...]
</properties>
  <testcase name="testNullPassword" classname="web.service.LoginServiceUnitTest" time="0.004"/>
  <testcase name="testAllEmpty" classname="web.service.LoginServiceUnitTest" time="0.0"/>
  <testcase name="testAllWrong" classname="web.service.LoginServiceUnitTest" time="0.0"/>
  <testcase name="testEmptyUsername" classname="web.service.LoginServiceUnitTest" time="0.0"/>
  <testcase name="testAllNull" classname="web.service.LoginServiceUnitTest" time="0.0"/>
  <testcase name="testWrongDob" classname="web.service.LoginServiceUnitTest" time="0.0"/>
  <testcase name="testValidLogin" classname="web.service.LoginServiceUnitTest" time="0.001"/>
  <testcase name="testWrongUsername" classname="web.service.LoginServiceUnitTest" time="0.0"/>
  <testcase name="testEmptyPassword" classname="web.service.LoginServiceUnitTest" time="0.0"/>
  <testcase name="testBoundaryMaxDate" classname="web.service.LoginServiceUnitTest" time="0.001"/>
  <testcase name="testBoundaryMinDate" classname="web.service.LoginServiceUnitTest" time="0.0"/>
  <testcase name="testNullUsername" classname="web.service.LoginServiceUnitTest" time="0.0"/>
  <testcase name="testBoundaryLongInputs" classname="web.service.LoginServiceUnitTest" time="0.001"/>
  <testcase name="testWrongPassword" classname="web.service.LoginServiceUnitTest" time="0.0"/>
  <testcase name="testBoundaryShortInputs" classname="web.service.LoginServiceUnitTest" time="0.0"/>
  <testcase name="testNullDob" classname="web.service.LoginServiceUnitTest" time="0.0"/>
  <testcase name="testEmptyDob" classname="web.service.LoginServiceUnitTest" time="0.0"/>
</testsuite>